[2024-07-24T07:00:02.063+0000] {local_task_job_runner.py:120} INFO - ::group::Pre task execution logs
[2024-07-24T07:00:02.097+0000] {taskinstance.py:2076} INFO - Dependencies all met for dep_context=non-requeueable deps ti=<TaskInstance: MyTest.send_email scheduled__2024-07-24T06:00:00+00:00 [queued]>
[2024-07-24T07:00:02.109+0000] {taskinstance.py:2076} INFO - Dependencies all met for dep_context=requeueable deps ti=<TaskInstance: MyTest.send_email scheduled__2024-07-24T06:00:00+00:00 [queued]>
[2024-07-24T07:00:02.110+0000] {taskinstance.py:2306} INFO - Starting attempt 1 of 1
[2024-07-24T07:00:02.130+0000] {taskinstance.py:2330} INFO - Executing <Task(PythonOperator): send_email> on 2024-07-24 06:00:00+00:00
[2024-07-24T07:00:02.141+0000] {warnings.py:112} WARNING - /home/***/.local/lib/python3.12/site-packages/***/task/task_runner/standard_task_runner.py:62: DeprecationWarning: This process (pid=3789) is multi-threaded, use of fork() may lead to deadlocks in the child.
  pid = os.fork()

[2024-07-24T07:00:02.142+0000] {standard_task_runner.py:64} INFO - Started process 3794 to run task
[2024-07-24T07:00:02.142+0000] {standard_task_runner.py:90} INFO - Running: ['***', 'tasks', 'run', 'MyTest', 'send_email', 'scheduled__2024-07-24T06:00:00+00:00', '--job-id', '86', '--raw', '--subdir', 'DAGS_FOLDER/MyTest.py', '--cfg-path', '/tmp/tmph_w6q1u6']
[2024-07-24T07:00:02.143+0000] {standard_task_runner.py:91} INFO - Job 86: Subtask send_email
[2024-07-24T07:00:02.190+0000] {task_command.py:426} INFO - Running <TaskInstance: MyTest.send_email scheduled__2024-07-24T06:00:00+00:00 [running]> on host ed4de24231fa
[2024-07-24T07:00:02.287+0000] {taskinstance.py:2648} INFO - Exporting env vars: AIRFLOW_CTX_DAG_OWNER='MyTest' AIRFLOW_CTX_DAG_ID='MyTest' AIRFLOW_CTX_TASK_ID='send_email' AIRFLOW_CTX_EXECUTION_DATE='2024-07-24T06:00:00+00:00' AIRFLOW_CTX_TRY_NUMBER='1' AIRFLOW_CTX_DAG_RUN_ID='scheduled__2024-07-24T06:00:00+00:00'
[2024-07-24T07:00:02.288+0000] {taskinstance.py:430} INFO - ::endgroup::
[2024-07-24T07:00:02.289+0000] {taskinstance.py:441} INFO - ::group::Post task execution logs
[2024-07-24T07:00:02.289+0000] {taskinstance.py:2905} ERROR - Task failed with exception
Traceback (most recent call last):
  File "/home/airflow/.local/lib/python3.12/site-packages/airflow/models/taskinstance.py", line 465, in _execute_task
    result = _execute_callable(context=context, **execute_callable_kwargs)
             ^^^^^^^^^^^^^^^^^^^^^^^^^^^^^^^^^^^^^^^^^^^^^^^^^^^^^^^^^^^^^
  File "/home/airflow/.local/lib/python3.12/site-packages/airflow/models/taskinstance.py", line 432, in _execute_callable
    return execute_callable(context=context, **execute_callable_kwargs)
           ^^^^^^^^^^^^^^^^^^^^^^^^^^^^^^^^^^^^^^^^^^^^^^^^^^^^^^^^^^^^
  File "/home/airflow/.local/lib/python3.12/site-packages/airflow/models/baseoperator.py", line 401, in wrapper
    return func(self, *args, **kwargs)
           ^^^^^^^^^^^^^^^^^^^^^^^^^^^
  File "/home/airflow/.local/lib/python3.12/site-packages/airflow/operators/python.py", line 235, in execute
    return_value = self.execute_callable()
                   ^^^^^^^^^^^^^^^^^^^^^^^
  File "/home/airflow/.local/lib/python3.12/site-packages/airflow/operators/python.py", line 252, in execute_callable
    return self.python_callable(*self.op_args, **self.op_kwargs)
           ^^^^^^^^^^^^^^^^^^^^^^^^^^^^^^^^^^^^^^^^^^^^^^^^^^^^^
  File "/opt/airflow/dags/MyTest.py", line 137, in send_email_func
    if df is None:
       ^^
NameError: name 'df' is not defined
[2024-07-24T07:00:02.301+0000] {taskinstance.py:1206} INFO - Marking task as FAILED. dag_id=MyTest, task_id=send_email, run_id=scheduled__2024-07-24T06:00:00+00:00, execution_date=20240724T060000, start_date=20240724T070002, end_date=20240724T070002
[2024-07-24T07:00:02.313+0000] {standard_task_runner.py:110} ERROR - Failed to execute job 86 for task send_email (name 'df' is not defined; 3794)
[2024-07-24T07:00:02.356+0000] {local_task_job_runner.py:243} INFO - Task exited with return code 1
[2024-07-24T07:00:02.374+0000] {taskinstance.py:3503} INFO - 0 downstream tasks scheduled from follow-on schedule check
[2024-07-24T07:00:02.377+0000] {local_task_job_runner.py:222} INFO - ::endgroup::
